# JRE version: OpenJDK Runtime Environment (8.0_152-b02) (build 1.8.0_152-release-1024-b02)
# Java VM: OpenJDK 64-Bit Server VM (25.152-b02 mixed mode windows-amd64 compressed oops)
Heap:
 PSYoungGen      total 380416K, used 9690K [0x00000000e0000000, 0x00000000fee00000, 0x0000000100000000)
  eden space 254976K, 1% used [0x00000000e0000000,0x00000000e02a2910,0x00000000ef900000)
  from space 125440K, 5% used [0x00000000ef900000,0x00000000effd4030,0x00000000f7380000)
  to   space 112128K, 0% used [0x00000000f8080000,0x00000000f8080000,0x00000000fee00000)
 ParOldGen       total 400384K, used 167228K [0x00000000a0000000, 0x00000000b8700000, 0x00000000e0000000)
  object space 400384K, 41% used [0x00000000a0000000,0x00000000aa34f298,0x00000000b8700000)
 Metaspace       used 101273K, capacity 106824K, committed 107096K, reserved 1142784K
  class space    used 12503K, capacity 13633K, committed 13696K, reserved 1048576K
GC Heap History (10 events):
Event: 8044.952 GC heap before
{Heap before GC invocations=63 (full 7):
 PSYoungGen      total 442368K, used 442339K [0x00000000e0000000, 0x0000000100000000, 0x0000000100000000)
  eden space 371200K, 100% used [0x00000000e0000000,0x00000000f6a80000,0x00000000f6a80000)
  from space 71168K, 99% used [0x00000000f6a80000,0x00000000faff8cf8,0x00000000fb000000)
  to   space 81920K, 0% used [0x00000000fb000000,0x00000000fb000000,0x0000000100000000)
 ParOldGen       total 322560K, used 162322K [0x00000000a0000000, 0x00000000b3b00000, 0x00000000e0000000)
  object space 322560K, 50% used [0x00000000a0000000,0x00000000a9e84a90,0x00000000b3b00000)
 Metaspace       used 100614K, capacity 106098K, committed 106200K, reserved 1142784K
  class space    used 12413K, capacity 13534K, committed 13568K, reserved 1048576K
Event: 8045.132 GC heap after
Heap after GC invocations=63 (full 7):
 PSYoungGen      total 328704K, used 81911K [0x00000000e0000000, 0x0000000100000000, 0x0000000100000000)
  eden space 246784K, 0% used [0x00000000e0000000,0x00000000e0000000,0x00000000ef100000)
  from space 81920K, 99% used [0x00000000fb000000,0x00000000ffffdc10,0x0000000100000000)
  to   space 138752K, 0% used [0x00000000ef100000,0x00000000ef100000,0x00000000f7880000)
 ParOldGen       total 322560K, used 237816K [0x00000000a0000000, 0x00000000b3b00000, 0x00000000e0000000)
  object space 322560K, 73% used [0x00000000a0000000,0x00000000ae83e2f8,0x00000000b3b00000)
 Metaspace       used 100614K, capacity 106098K, committed 106200K, reserved 1142784K
  class space    used 12413K, capacity 13534K, committed 13568K, reserved 1048576K
}
Event: 8047.227 GC heap before
{Heap before GC invocations=64 (full 7):
 PSYoungGen      total 328704K, used 321248K [0x00000000e0000000, 0x0000000100000000, 0x0000000100000000)
  eden space 246784K, 96% used [0x00000000e0000000,0x00000000ee9ba5a8,0x00000000ef100000)
  from space 81920K, 99% used [0x00000000fb000000,0x00000000ffffdc10,0x0000000100000000)
  to   space 138752K, 0% used [0x00000000ef100000,0x00000000ef100000,0x00000000f7880000)
 ParOldGen       total 322560K, used 237816K [0x00000000a0000000, 0x00000000b3b00000, 0x00000000e0000000)
  object space 322560K, 73% used [0x00000000a0000000,0x00000000ae83e2f8,0x00000000b3b00000)
 Metaspace       used 100618K, capacity 106098K, committed 106200K, reserved 1142784K
  class space    used 12413K, capacity 13534K, committed 13568K, reserved 1048576K
Event: 8047.390 GC heap after
Heap after GC invocations=64 (full 7):
 PSYoungGen      total 385536K, used 24612K [0x00000000e0000000, 0x0000000100000000, 0x0000000100000000)
  eden space 246784K, 0% used [0x00000000e0000000,0x00000000e0000000,0x00000000ef100000)
  from space 138752K, 17% used [0x00000000ef100000,0x00000000f0909210,0x00000000f7880000)
  to   space 130560K, 0% used [0x00000000f8080000,0x00000000f8080000,0x0000000100000000)
 ParOldGen       total 322560K, used 294509K [0x00000000a0000000, 0x00000000b3b00000, 0x00000000e0000000)
  object space 322560K, 91% used [0x00000000a0000000,0x00000000b1f9b708,0x00000000b3b00000)
 Metaspace       used 100618K, capacity 106098K, committed 106200K, reserved 1142784K
  class space    used 12413K, capacity 13534K, committed 13568K, reserved 1048576K
}
Event: 8047.390 GC heap before
{Heap before GC invocations=65 (full 8):
 PSYoungGen      total 385536K, used 24612K [0x00000000e0000000, 0x0000000100000000, 0x0000000100000000)
  eden space 246784K, 0% used [0x00000000e0000000,0x00000000e0000000,0x00000000ef100000)
  from space 138752K, 17% used [0x00000000ef100000,0x00000000f0909210,0x00000000f7880000)
  to   space 130560K, 0% used [0x00000000f8080000,0x00000000f8080000,0x0000000100000000)
 ParOldGen       total 322560K, used 294509K [0x00000000a0000000, 0x00000000b3b00000, 0x00000000e0000000)
  object space 322560K, 91% used [0x00000000a0000000,0x00000000b1f9b708,0x00000000b3b00000)
 Metaspace       used 100618K, capacity 106098K, committed 106200K, reserved 1142784K
  class space    used 12413K, capacity 13534K, committed 13568K, reserved 1048576K
Event: 8048.705 GC heap after
Heap after GC invocations=65 (full 8):
 PSYoungGen      total 385536K, used 0K [0x00000000e0000000, 0x0000000100000000, 0x0000000100000000)
  eden space 246784K, 0% used [0x00000000e0000000,0x00000000e0000000,0x00000000ef100000)
  from space 138752K, 0% used [0x00000000ef100000,0x00000000ef100000,0x00000000f7880000)
  to   space 130560K, 0% used [0x00000000f8080000,0x00000000f8080000,0x0000000100000000)
 ParOldGen       total 400384K, used 166421K [0x00000000a0000000, 0x00000000b8700000, 0x00000000e0000000)
  object space 400384K, 41% used [0x00000000a0000000,0x00000000aa2854f8,0x00000000b8700000)
 Metaspace       used 100618K, capacity 106098K, committed 106200K, reserved 1142784K
  class space    used 12413K, capacity 13534K, committed 13568K, reserved 1048576K
}
Event: 8230.842 GC heap before
{Heap before GC invocations=66 (full 8):
 PSYoungGen      total 385536K, used 246784K [0x00000000e0000000, 0x0000000100000000, 0x0000000100000000)
  eden space 246784K, 100% used [0x00000000e0000000,0x00000000ef100000,0x00000000ef100000)
  from space 138752K, 0% used [0x00000000ef100000,0x00000000ef100000,0x00000000f7880000)
  to   space 130560K, 0% used [0x00000000f8080000,0x00000000f8080000,0x0000000100000000)
 ParOldGen       total 400384K, used 166421K [0x00000000a0000000, 0x00000000b8700000, 0x00000000e0000000)
  object space 400384K, 41% used [0x00000000a0000000,0x00000000aa2854f8,0x00000000b8700000)
 Metaspace       used 101125K, capacity 106620K, committed 106840K, reserved 1142784K
  class space    used 12495K, capacity 13621K, committed 13696K, reserved 1048576K
Event: 8230.853 GC heap after
Heap after GC invocations=66 (full 8):
 PSYoungGen      total 367104K, used 11931K [0x00000000e0000000, 0x00000000fee00000, 0x0000000100000000)
  eden space 254976K, 0% used [0x00000000e0000000,0x00000000e0000000,0x00000000ef900000)
  from space 112128K, 10% used [0x00000000f8080000,0x00000000f8c26dd0,0x00000000fee00000)
  to   space 125440K, 0% used [0x00000000ef900000,0x00000000ef900000,0x00000000f7380000)
 ParOldGen       total 400384K, used 166429K [0x00000000a0000000, 0x00000000b8700000, 0x00000000e0000000)
  object space 400384K, 41% used [0x00000000a0000000,0x00000000aa2874f8,0x00000000b8700000)
 Metaspace       used 101125K, capacity 106620K, committed 106840K, reserved 1142784K
  class space    used 12495K, capacity 13621K, committed 13696K, reserved 1048576K
}
Event: 8287.884 GC heap before
{Heap before GC invocations=67 (full 8):
 PSYoungGen      total 367104K, used 266907K [0x00000000e0000000, 0x00000000fee00000, 0x0000000100000000)
  eden space 254976K, 100% used [0x00000000e0000000,0x00000000ef900000,0x00000000ef900000)
  from space 112128K, 10% used [0x00000000f8080000,0x00000000f8c26dd0,0x00000000fee00000)
  to   space 125440K, 0% used [0x00000000ef900000,0x00000000ef900000,0x00000000f7380000)
 ParOldGen       total 400384K, used 166429K [0x00000000a0000000, 0x00000000b8700000, 0x00000000e0000000)
  object space 400384K, 41% used [0x00000000a0000000,0x00000000aa2874f8,0x00000000b8700000)
 Metaspace       used 101273K, capacity 106824K, committed 107096K, reserved 1142784K
  class space    used 12503K, capacity 13633K, committed 13696K, reserved 1048576K
Event: 8287.901 GC heap after
Heap after GC invocations=67 (full 8):
 PSYoungGen      total 380416K, used 6992K [0x00000000e0000000, 0x00000000fee00000, 0x0000000100000000)
  eden space 254976K, 0% used [0x00000000e0000000,0x00000000e0000000,0x00000000ef900000)
  from space 125440K, 5% used [0x00000000ef900000,0x00000000effd4030,0x00000000f7380000)
  to   space 112128K, 0% used [0x00000000f8080000,0x00000000f8080000,0x00000000fee00000)
 ParOldGen       total 400384K, used 167228K [0x00000000a0000000, 0x00000000b8700000, 0x00000000e0000000)
  object space 400384K, 41% used [0x00000000a0000000,0x00000000aa34f298,0x00000000b8700000)
 Metaspace       used 101273K, capacity 106824K, committed 107096K, reserved 1142784K
  class space    used 12503K, capacity 13633K, committed 13696K, reserved 1048576K
}

