# JRE version: OpenJDK Runtime Environment (8.0_152-b06) (build 1.8.0_152-release-1136-b06)
# Java VM: OpenJDK 64-Bit Server VM (25.152-b06 mixed mode windows-amd64 compressed oops)
Heap:
 PSYoungGen      total 402432K, used 217696K [0x00000000e0000000, 0x0000000100000000, 0x0000000100000000)
  eden space 312320K, 60% used [0x00000000e0000000,0x00000000eb92c500,0x00000000f3100000)
  from space 90112K, 31% used [0x00000000f9980000,0x00000000fb4ebec0,0x00000000ff180000)
  to   space 105984K, 0% used [0x00000000f3100000,0x00000000f3100000,0x00000000f9880000)
 ParOldGen       total 280576K, used 178163K [0x00000000a0000000, 0x00000000b1200000, 0x00000000e0000000)
  object space 280576K, 63% used [0x00000000a0000000,0x00000000aadfcd30,0x00000000b1200000)
 Metaspace       used 95230K, capacity 101306K, committed 101464K, reserved 1138688K
  class space    used 11747K, capacity 12828K, committed 12928K, reserved 1048576K
GC Heap History (10 events):
Event: 3001.431 GC heap before
{Heap before GC invocations=159 (full 10):
 PSYoungGen      total 428032K, used 334559K [0x00000000e0000000, 0x0000000100000000, 0x0000000100000000)
  eden space 329216K, 100% used [0x00000000e0000000,0x00000000f4180000,0x00000000f4180000)
  from space 98816K, 5% used [0x00000000f9f80000,0x00000000fa4b7d08,0x0000000100000000)
  to   space 96256K, 0% used [0x00000000f4180000,0x00000000f4180000,0x00000000f9f80000)
 ParOldGen       total 280576K, used 175024K [0x00000000a0000000, 0x00000000b1200000, 0x00000000e0000000)
  object space 280576K, 62% used [0x00000000a0000000,0x00000000aaaec198,0x00000000b1200000)
 Metaspace       used 94599K, capacity 100576K, committed 101080K, reserved 1138688K
  class space    used 11680K, capacity 12699K, committed 12800K, reserved 1048576K
Event: 3001.463 GC heap after
Heap after GC invocations=159 (full 10):
 PSYoungGen      total 355328K, used 25785K [0x00000000e0000000, 0x00000000ff180000, 0x0000000100000000)
  eden space 329216K, 0% used [0x00000000e0000000,0x00000000e0000000,0x00000000f4180000)
  from space 26112K, 98% used [0x00000000f4180000,0x00000000f5aae6d8,0x00000000f5b00000)
  to   space 90112K, 0% used [0x00000000f9980000,0x00000000f9980000,0x00000000ff180000)
 ParOldGen       total 280576K, used 179668K [0x00000000a0000000, 0x00000000b1200000, 0x00000000e0000000)
  object space 280576K, 64% used [0x00000000a0000000,0x00000000aaf75020,0x00000000b1200000)
 Metaspace       used 94599K, capacity 100576K, committed 101080K, reserved 1138688K
  class space    used 11680K, capacity 12699K, committed 12800K, reserved 1048576K
}
Event: 3011.159 GC heap before
{Heap before GC invocations=160 (full 10):
 PSYoungGen      total 355328K, used 355001K [0x00000000e0000000, 0x00000000ff180000, 0x0000000100000000)
  eden space 329216K, 100% used [0x00000000e0000000,0x00000000f4180000,0x00000000f4180000)
  from space 26112K, 98% used [0x00000000f4180000,0x00000000f5aae6d8,0x00000000f5b00000)
  to   space 90112K, 0% used [0x00000000f9980000,0x00000000f9980000,0x00000000ff180000)
 ParOldGen       total 280576K, used 179668K [0x00000000a0000000, 0x00000000b1200000, 0x00000000e0000000)
  object space 280576K, 64% used [0x00000000a0000000,0x00000000aaf75020,0x00000000b1200000)
 Metaspace       used 94667K, capacity 100576K, committed 101080K, reserved 1138688K
  class space    used 11680K, capacity 12699K, committed 12800K, reserved 1048576K
Event: 3011.190 GC heap after
Heap after GC invocations=160 (full 10):
 PSYoungGen      total 419328K, used 36435K [0x00000000e0000000, 0x00000000ff180000, 0x0000000100000000)
  eden space 329216K, 0% used [0x00000000e0000000,0x00000000e0000000,0x00000000f4180000)
  from space 90112K, 40% used [0x00000000f9980000,0x00000000fbd14dc8,0x00000000ff180000)
  to   space 26112K, 0% used [0x00000000f4180000,0x00000000f4180000,0x00000000f5b00000)
 ParOldGen       total 280576K, used 190741K [0x00000000a0000000, 0x00000000b1200000, 0x00000000e0000000)
  object space 280576K, 67% used [0x00000000a0000000,0x00000000aba45610,0x00000000b1200000)
 Metaspace       used 94667K, capacity 100576K, committed 101080K, reserved 1138688K
  class space    used 11680K, capacity 12699K, committed 12800K, reserved 1048576K
}
Event: 3012.142 GC heap before
{Heap before GC invocations=161 (full 10):
 PSYoungGen      total 419328K, used 365651K [0x00000000e0000000, 0x00000000ff180000, 0x0000000100000000)
  eden space 329216K, 100% used [0x00000000e0000000,0x00000000f4180000,0x00000000f4180000)
  from space 90112K, 40% used [0x00000000f9980000,0x00000000fbd14dc8,0x00000000ff180000)
  to   space 26112K, 0% used [0x00000000f4180000,0x00000000f4180000,0x00000000f5b00000)
 ParOldGen       total 280576K, used 190741K [0x00000000a0000000, 0x00000000b1200000, 0x00000000e0000000)
  object space 280576K, 67% used [0x00000000a0000000,0x00000000aba45610,0x00000000b1200000)
 Metaspace       used 94668K, capacity 100576K, committed 101080K, reserved 1138688K
  class space    used 11680K, capacity 12699K, committed 12800K, reserved 1048576K
Event: 3012.263 GC heap after
Heap after GC invocations=161 (full 10):
 PSYoungGen      total 355328K, used 26082K [0x00000000e0000000, 0x00000000ff180000, 0x0000000100000000)
  eden space 329216K, 0% used [0x00000000e0000000,0x00000000e0000000,0x00000000f4180000)
  from space 26112K, 99% used [0x00000000f4180000,0x00000000f5af8850,0x00000000f5b00000)
  to   space 90112K, 0% used [0x00000000f9980000,0x00000000f9980000,0x00000000ff180000)
 ParOldGen       total 280576K, used 273587K [0x00000000a0000000, 0x00000000b1200000, 0x00000000e0000000)
  object space 280576K, 97% used [0x00000000a0000000,0x00000000b0b2cdf0,0x00000000b1200000)
 Metaspace       used 94668K, capacity 100576K, committed 101080K, reserved 1138688K
  class space    used 11680K, capacity 12699K, committed 12800K, reserved 1048576K
}
Event: 3012.263 GC heap before
{Heap before GC invocations=162 (full 11):
 PSYoungGen      total 355328K, used 26082K [0x00000000e0000000, 0x00000000ff180000, 0x0000000100000000)
  eden space 329216K, 0% used [0x00000000e0000000,0x00000000e0000000,0x00000000f4180000)
  from space 26112K, 99% used [0x00000000f4180000,0x00000000f5af8850,0x00000000f5b00000)
  to   space 90112K, 0% used [0x00000000f9980000,0x00000000f9980000,0x00000000ff180000)
 ParOldGen       total 280576K, used 273587K [0x00000000a0000000, 0x00000000b1200000, 0x00000000e0000000)
  object space 280576K, 97% used [0x00000000a0000000,0x00000000b0b2cdf0,0x00000000b1200000)
 Metaspace       used 94668K, capacity 100576K, committed 101080K, reserved 1138688K
  class space    used 11680K, capacity 12699K, committed 12800K, reserved 1048576K
Event: 3013.390 GC heap after
Heap after GC invocations=162 (full 11):
 PSYoungGen      total 355328K, used 0K [0x00000000e0000000, 0x00000000ff180000, 0x0000000100000000)
  eden space 329216K, 0% used [0x00000000e0000000,0x00000000e0000000,0x00000000f4180000)
  from space 26112K, 0% used [0x00000000f4180000,0x00000000f4180000,0x00000000f5b00000)
  to   space 90112K, 0% used [0x00000000f9980000,0x00000000f9980000,0x00000000ff180000)
 ParOldGen       total 280576K, used 178155K [0x00000000a0000000, 0x00000000b1200000, 0x00000000e0000000)
  object space 280576K, 63% used [0x00000000a0000000,0x00000000aadfad30,0x00000000b1200000)
 Metaspace       used 94668K, capacity 100576K, committed 101080K, reserved 1138688K
  class space    used 11680K, capacity 12699K, committed 12800K, reserved 1048576K
}
Event: 3049.595 GC heap before
{Heap before GC invocations=163 (full 11):
 PSYoungGen      total 355328K, used 329216K [0x00000000e0000000, 0x00000000ff180000, 0x0000000100000000)
  eden space 329216K, 100% used [0x00000000e0000000,0x00000000f4180000,0x00000000f4180000)
  from space 26112K, 0% used [0x00000000f4180000,0x00000000f4180000,0x00000000f5b00000)
  to   space 90112K, 0% used [0x00000000f9980000,0x00000000f9980000,0x00000000ff180000)
 ParOldGen       total 280576K, used 178155K [0x00000000a0000000, 0x00000000b1200000, 0x00000000e0000000)
  object space 280576K, 63% used [0x00000000a0000000,0x00000000aadfad30,0x00000000b1200000)
 Metaspace       used 95095K, capacity 101178K, committed 101464K, reserved 1138688K
  class space    used 11738K, capacity 12828K, committed 12928K, reserved 1048576K
Event: 3049.615 GC heap after
Heap after GC invocations=163 (full 11):
 PSYoungGen      total 402432K, used 28079K [0x00000000e0000000, 0x0000000100000000, 0x0000000100000000)
  eden space 312320K, 0% used [0x00000000e0000000,0x00000000e0000000,0x00000000f3100000)
  from space 90112K, 31% used [0x00000000f9980000,0x00000000fb4ebec0,0x00000000ff180000)
  to   space 105984K, 0% used [0x00000000f3100000,0x00000000f3100000,0x00000000f9880000)
 ParOldGen       total 280576K, used 178163K [0x00000000a0000000, 0x00000000b1200000, 0x00000000e0000000)
  object space 280576K, 63% used [0x00000000a0000000,0x00000000aadfcd30,0x00000000b1200000)
 Metaspace       used 95095K, capacity 101178K, committed 101464K, reserved 1138688K
  class space    used 11738K, capacity 12828K, committed 12928K, reserved 1048576K
}

