# JRE version: OpenJDK Runtime Environment (8.0_152-b02) (build 1.8.0_152-release-1024-b02)
# Java VM: OpenJDK 64-Bit Server VM (25.152-b02 mixed mode windows-amd64 compressed oops)
Heap:
 PSYoungGen      total 438784K, used 172249K [0x00000000e0000000, 0x00000000ff900000, 0x0000000100000000)
  eden space 370688K, 46% used [0x00000000e0000000,0x00000000ea816468,0x00000000f6a00000)
  from space 68096K, 0% used [0x00000000f6a00000,0x00000000f6a20000,0x00000000fac80000)
  to   space 66048K, 0% used [0x00000000fb880000,0x00000000fb880000,0x00000000ff900000)
 ParOldGen       total 345600K, used 135725K [0x00000000a0000000, 0x00000000b5180000, 0x00000000e0000000)
  object space 345600K, 39% used [0x00000000a0000000,0x00000000a848b6d0,0x00000000b5180000)
 Metaspace       used 99001K, capacity 104562K, committed 104664K, reserved 1140736K
  class space    used 12391K, capacity 13530K, committed 13568K, reserved 1048576K
GC Heap History (10 events):
Event: 880.464 GC heap before
{Heap before GC invocations=57 (full 6):
 PSYoungGen      total 420864K, used 337130K [0x00000000e0000000, 0x00000000ff180000, 0x0000000100000000)
  eden space 328704K, 99% used [0x00000000e0000000,0x00000000f40ea898,0x00000000f4100000)
  from space 92160K, 9% used [0x00000000f9780000,0x00000000f9fd0020,0x00000000ff180000)
  to   space 88576K, 0% used [0x00000000f4100000,0x00000000f4100000,0x00000000f9780000)
 ParOldGen       total 345600K, used 118588K [0x00000000a0000000, 0x00000000b5180000, 0x00000000e0000000)
  object space 345600K, 34% used [0x00000000a0000000,0x00000000a73cf170,0x00000000b5180000)
 Metaspace       used 98928K, capacity 104474K, committed 104664K, reserved 1140736K
  class space    used 12388K, capacity 13526K, committed 13568K, reserved 1048576K
Event: 880.492 GC heap after
Heap after GC invocations=57 (full 6):
 PSYoungGen      total 417280K, used 12620K [0x00000000e0000000, 0x00000000ff180000, 0x0000000100000000)
  eden space 328704K, 0% used [0x00000000e0000000,0x00000000e0000000,0x00000000f4100000)
  from space 88576K, 14% used [0x00000000f4100000,0x00000000f4d53350,0x00000000f9780000)
  to   space 82944K, 0% used [0x00000000fa080000,0x00000000fa080000,0x00000000ff180000)
 ParOldGen       total 345600K, used 118596K [0x00000000a0000000, 0x00000000b5180000, 0x00000000e0000000)
  object space 345600K, 34% used [0x00000000a0000000,0x00000000a73d1170,0x00000000b5180000)
 Metaspace       used 98928K, capacity 104474K, committed 104664K, reserved 1140736K
  class space    used 12388K, capacity 13526K, committed 13568K, reserved 1048576K
}
Event: 882.026 GC heap before
{Heap before GC invocations=58 (full 6):
 PSYoungGen      total 417280K, used 340948K [0x00000000e0000000, 0x00000000ff180000, 0x0000000100000000)
  eden space 328704K, 99% used [0x00000000e0000000,0x00000000f40a1e78,0x00000000f4100000)
  from space 88576K, 14% used [0x00000000f4100000,0x00000000f4d53350,0x00000000f9780000)
  to   space 82944K, 0% used [0x00000000fa080000,0x00000000fa080000,0x00000000ff180000)
 ParOldGen       total 345600K, used 118596K [0x00000000a0000000, 0x00000000b5180000, 0x00000000e0000000)
  object space 345600K, 34% used [0x00000000a0000000,0x00000000a73d1170,0x00000000b5180000)
 Metaspace       used 98960K, capacity 104558K, committed 104664K, reserved 1140736K
  class space    used 12391K, capacity 13530K, committed 13568K, reserved 1048576K
Event: 882.053 GC heap after
Heap after GC invocations=58 (full 6):
 PSYoungGen      total 429568K, used 19996K [0x00000000e0000000, 0x00000000fee80000, 0x0000000100000000)
  eden space 349696K, 0% used [0x00000000e0000000,0x00000000e0000000,0x00000000f5580000)
  from space 79872K, 25% used [0x00000000fa080000,0x00000000fb4070c0,0x00000000fee80000)
  to   space 76800K, 0% used [0x00000000f5580000,0x00000000f5580000,0x00000000fa080000)
 ParOldGen       total 345600K, used 118596K [0x00000000a0000000, 0x00000000b5180000, 0x00000000e0000000)
  object space 345600K, 34% used [0x00000000a0000000,0x00000000a73d1170,0x00000000b5180000)
 Metaspace       used 98960K, capacity 104558K, committed 104664K, reserved 1140736K
  class space    used 12391K, capacity 13530K, committed 13568K, reserved 1048576K
}
Event: 882.142 GC heap before
{Heap before GC invocations=59 (full 6):
 PSYoungGen      total 429568K, used 369691K [0x00000000e0000000, 0x00000000fee80000, 0x0000000100000000)
  eden space 349696K, 99% used [0x00000000e0000000,0x00000000f557fb58,0x00000000f5580000)
  from space 79872K, 25% used [0x00000000fa080000,0x00000000fb4070c0,0x00000000fee80000)
  to   space 76800K, 0% used [0x00000000f5580000,0x00000000f5580000,0x00000000fa080000)
 ParOldGen       total 345600K, used 118596K [0x00000000a0000000, 0x00000000b5180000, 0x00000000e0000000)
  object space 345600K, 34% used [0x00000000a0000000,0x00000000a73d1170,0x00000000b5180000)
 Metaspace       used 98960K, capacity 104558K, committed 104664K, reserved 1140736K
  class space    used 12391K, capacity 13530K, committed 13568K, reserved 1048576K
Event: 882.162 GC heap after
Heap after GC invocations=59 (full 6):
 PSYoungGen      total 426496K, used 18675K [0x00000000e0000000, 0x00000000ff200000, 0x0000000100000000)
  eden space 349696K, 0% used [0x00000000e0000000,0x00000000e0000000,0x00000000f5580000)
  from space 76800K, 24% used [0x00000000f5580000,0x00000000f67bccb0,0x00000000fa080000)
  to   space 71168K, 0% used [0x00000000fac80000,0x00000000fac80000,0x00000000ff200000)
 ParOldGen       total 345600K, used 118596K [0x00000000a0000000, 0x00000000b5180000, 0x00000000e0000000)
  object space 345600K, 34% used [0x00000000a0000000,0x00000000a73d1170,0x00000000b5180000)
 Metaspace       used 98960K, capacity 104558K, committed 104664K, reserved 1140736K
  class space    used 12391K, capacity 13530K, committed 13568K, reserved 1048576K
}
Event: 882.285 GC heap before
{Heap before GC invocations=60 (full 6):
 PSYoungGen      total 426496K, used 367696K [0x00000000e0000000, 0x00000000ff200000, 0x0000000100000000)
  eden space 349696K, 99% used [0x00000000e0000000,0x00000000f54d7478,0x00000000f5580000)
  from space 76800K, 24% used [0x00000000f5580000,0x00000000f67bccb0,0x00000000fa080000)
  to   space 71168K, 0% used [0x00000000fac80000,0x00000000fac80000,0x00000000ff200000)
 ParOldGen       total 345600K, used 118596K [0x00000000a0000000, 0x00000000b5180000, 0x00000000e0000000)
  object space 345600K, 34% used [0x00000000a0000000,0x00000000a73d1170,0x00000000b5180000)
 Metaspace       used 98960K, capacity 104558K, committed 104664K, reserved 1140736K
  class space    used 12391K, capacity 13530K, committed 13568K, reserved 1048576K
Event: 882.306 GC heap after
Heap after GC invocations=60 (full 6):
 PSYoungGen      total 441856K, used 6435K [0x00000000e0000000, 0x00000000ff480000, 0x0000000100000000)
  eden space 370688K, 0% used [0x00000000e0000000,0x00000000e0000000,0x00000000f6a00000)
  from space 71168K, 9% used [0x00000000fac80000,0x00000000fb2c8c30,0x00000000ff200000)
  to   space 68096K, 0% used [0x00000000f6a00000,0x00000000f6a00000,0x00000000fac80000)
 ParOldGen       total 345600K, used 130197K [0x00000000a0000000, 0x00000000b5180000, 0x00000000e0000000)
  object space 345600K, 37% used [0x00000000a0000000,0x00000000a7f25488,0x00000000b5180000)
 Metaspace       used 98960K, capacity 104558K, committed 104664K, reserved 1140736K
  class space    used 12391K, capacity 13530K, committed 13568K, reserved 1048576K
}
Event: 882.573 GC heap before
{Heap before GC invocations=61 (full 6):
 PSYoungGen      total 441856K, used 376125K [0x00000000e0000000, 0x00000000ff480000, 0x0000000100000000)
  eden space 370688K, 99% used [0x00000000e0000000,0x00000000f6906868,0x00000000f6a00000)
  from space 71168K, 9% used [0x00000000fac80000,0x00000000fb2c8c30,0x00000000ff200000)
  to   space 68096K, 0% used [0x00000000f6a00000,0x00000000f6a00000,0x00000000fac80000)
 ParOldGen       total 345600K, used 130197K [0x00000000a0000000, 0x00000000b5180000, 0x00000000e0000000)
  object space 345600K, 37% used [0x00000000a0000000,0x00000000a7f25488,0x00000000b5180000)
 Metaspace       used 98960K, capacity 104558K, committed 104664K, reserved 1140736K
  class space    used 12391K, capacity 13530K, committed 13568K, reserved 1048576K
Event: 882.583 GC heap after
Heap after GC invocations=61 (full 6):
 PSYoungGen      total 438784K, used 128K [0x00000000e0000000, 0x00000000ff900000, 0x0000000100000000)
  eden space 370688K, 0% used [0x00000000e0000000,0x00000000e0000000,0x00000000f6a00000)
  from space 68096K, 0% used [0x00000000f6a00000,0x00000000f6a20000,0x00000000fac80000)
  to   space 66048K, 0% used [0x00000000fb880000,0x00000000fb880000,0x00000000ff900000)
 ParOldGen       total 345600K, used 135725K [0x00000000a0000000, 0x00000000b5180000, 0x00000000e0000000)
  object space 345600K, 39% used [0x00000000a0000000,0x00000000a848b6d0,0x00000000b5180000)
 Metaspace       used 98960K, capacity 104558K, committed 104664K, reserved 1140736K
  class space    used 12391K, capacity 13530K, committed 13568K, reserved 1048576K
}

